2020/07/06 13:47:26 [error] 30#30: *1 FastCGI sent in stderr: "PHP message: 2020-07-06T13:47:26+00:00 [warning] Uncaught Warning: file_put_contents(/var/www/symfony/var/cache/dev/srcApp_KernelDevDebugContainerDeprecations.log): failed to open stream: Permission denied" while reading upstream, client: 172.24.0.1, server: , request: "GET / HTTP/1.1", upstream: "fastcgi://172.24.0.3:9001", host: "127.0.0.1"
2020/07/06 14:07:02 [error] 30#30: *3 FastCGI sent in stderr: "PHP message: [debug] Notified event "kernel.request" to listener "Symfony\Component\HttpKernel\EventListener\DebugHandlersListener::configure".
PHP message: [debug] Notified event "kernel.request" to listener "Symfony\Component\HttpKernel\EventListener\ValidateRequestListener::onKernelRequest".
PHP message: [debug] Notified event "kernel.request" to listener "Symfony\Component\HttpKernel\EventListener\SessionListener::onKernelRequest".
PHP message: [debug] Notified event "kernel.request" to listener "Symfony\Component\HttpKernel\EventListener\LocaleListener::setDefaultLocale".
PHP message: [debug] Notified event "kernel.request" to listener "Symfony\Component\HttpKernel\EventListener\RouterListener::onKernelRequest".
PHP message: [error] Uncaught PHP Exception Symfony\Component\HttpKernel\Exception\NotFoundHttpException: "No route found for "GET /"" at /var/www/symfony/vendor/symfony/http-kernel/EventListener/RouterListener.php line 136
PHP message: [debug] Notified event "kernel.exception" to listener "Symfony\Component\HttpKernel\EventListener\ErrorListener::logKernelException".
PHP message: [debug] Notified event "kernel.exception" to listener "Symfony\Component\HttpKernel\EventListener\RouterListener::onKernelException".
PHP message: [debug] Listener "Symfony\Component\HttpKernel\EventListener\RouterListener::onKernelException" stopped propagation of the event "kernel.exception".
PHP message: [debug] Listener "Symfony\Component\HttpKernel\EventListener\ErrorListener::onKernelException" was not called for event "kernel.exception".
PHP message: [debug] Notified event "kernel.response" to listener "Symfony\Component\HttpKernel\EventListener\ResponseListener::onKernelResponse".
PHP message: [debug] Notified event "kernel.response" to listener "Symfony\Component\HttpKernel\EventListener\DisallowRobotsIndexingListener::onResponse".
PHP message: [debug] Notified event "kernel.response" to listener "Symfony\Component\HttpKernel\EventListener\SessionListe
2020/07/06 14:07:02 [error] 30#30: *3 FastCGI sent in stderr: "PHP message: [debug] Notified event "kernel.request" to listener "Symfony\Component\HttpKernel\EventListener\DebugHandlersListener::configure".
PHP message: [debug] Notified event "kernel.request" to listener "Symfony\Component\HttpKernel\EventListener\ValidateRequestListener::onKernelRequest".
PHP message: [debug] Notified event "kernel.request" to listener "Symfony\Component\HttpKernel\EventListener\SessionListener::onKernelRequest".
PHP message: [debug] Notified event "kernel.request" to listener "Symfony\Component\HttpKernel\EventListener\LocaleListener::setDefaultLocale".
PHP message: [debug] Notified event "kernel.request" to listener "Symfony\Component\HttpKernel\EventListener\RouterListener::onKernelRequest".
PHP message: [error] Uncaught PHP Exception Symfony\Component\HttpKernel\Exception\NotFoundHttpException: "No route found for "GET /favicon.ico"" at /var/www/symfony/vendor/symfony/http-kernel/EventListener/RouterListener.php line 136
PHP message: [debug] Notified event "kernel.request" to listener "Symfony\Component\HttpKernel\EventListener\DebugHandlersListener::configure".
PHP message: [debug] Notified event "kernel.request" to listener "Symfony\Component\HttpKernel\EventListener\ValidateRequestListener::onKernelRequest".
PHP message: [debug] Notified event "kernel.request" to listener "Symfony\Component\HttpKernel\EventListener\SessionListener::onKernelRequest".
PHP message: [debug] Notified event "kernel.request" to listener "Symfony\Component\HttpKernel\EventListener\LocaleListener::setDefaultLocale".
PHP message: [debug] Notified event "kernel.request" to listener "Symfony\Component\HttpKernel\EventListener\RouterListener::onKernelRequest".
PHP message: [debug] Notified event "kernel.request" to listener "Symfony\Bundle\FrameworkBundle\EventListener\ResolveControllerNameSubscriber::resolveControllerName".
PHP message: [debug] Notified event "kernel.request" to listener "Symfony\Component\HttpKernel\EventListener\LocaleListener::on
2020/07/06 14:07:02 [error] 30#30: *3 FastCGI sent in stderr: "allowRobotsIndexingListener::onResponse".
PHP message: [debug] Notified event "kernel.response" to listener "Symfony\Component\HttpKernel\EventListener\SessionListener::onKernelResponse".
PHP message: [debug] Notified event "kernel.response" to listener "Symfony\Component\HttpKernel\EventListener\StreamedResponseListener::onKernelResponse".
PHP message: [debug] Notified event "kernel.finish_request" to listener "Symfony\Component\HttpKernel\EventListener\LocaleListener::onKernelFinishRequest".
PHP message: [debug] Notified event "kernel.finish_request" to listener "Symfony\Component\HttpKernel\EventListener\SessionListener::onFinishRequest".
PHP message: [debug] Notified event "kernel.finish_request" to listener "Symfony\Component\HttpKernel\EventListener\RouterListener::onKernelFinishRequest"" while reading response header from upstream, client: 172.24.0.1, server: , request: "GET /favicon.ico HTTP/1.1", upstream: "fastcgi://172.24.0.3:9001", host: "127.0.0.1"
